<?xml version="1.0" encoding="UTF-8"?>
<robot generator="Robot 4.1.3 (Python 3.10.2 on win32)" generated="20220316 15:53:48.840" rpa="false" schemaversion="2">
<suite id="s1" name="Demo11 Selenium Suite" source="E:\LTS\robot_project\selenium_suite\demo11_selenium_suite.robot">
<test id="s1-t1" name="TC1">
<kw name="Open Browser" library="SeleniumLibrary">
<arg>browser=chrome</arg>
<arg>executable_path=${EXECDIR}${/}driver${/}chromedriver.exe</arg>
<doc>Opens a new browser instance to the optional ``url``.</doc>
<msg timestamp="20220316 15:53:51.063" level="INFO">Opening browser 'chrome' to base url 'None'.</msg>
<status status="PASS" starttime="20220316 15:53:51.061" endtime="20220316 15:54:53.197"/>
</kw>
<kw name="Maximize Browser Window" library="SeleniumLibrary">
<doc>Maximizes current browser window.</doc>
<status status="PASS" starttime="20220316 15:54:53.199" endtime="20220316 15:54:57.181"/>
</kw>
<kw name="Set Selenium Implicit Wait" library="SeleniumLibrary">
<arg>20s</arg>
<doc>Sets the implicit wait value used by Selenium.</doc>
<status status="PASS" starttime="20220316 15:54:57.182" endtime="20220316 15:54:57.218"/>
</kw>
<kw name="Set Selenium Speed" library="SeleniumLibrary">
<arg>1s</arg>
<doc>Sets the delay that is waited after each Selenium command.</doc>
<status status="PASS" starttime="20220316 15:54:57.219" endtime="20220316 15:54:57.219"/>
</kw>
<kw name="Go To" library="SeleniumLibrary">
<arg>url=https://www.google.com/</arg>
<doc>Navigates the current browser window to the provided ``url``.</doc>
<msg timestamp="20220316 15:54:57.221" level="INFO">Opening url 'https://www.google.com/'</msg>
<status status="PASS" starttime="20220316 15:54:57.221" endtime="20220316 15:55:22.057"/>
</kw>
<kw name="Get Title" library="SeleniumLibrary">
<var>${title}</var>
<doc>Returns the title of the current page.</doc>
<msg timestamp="20220316 15:55:23.087" level="INFO">${title} = Google</msg>
<status status="PASS" starttime="20220316 15:55:22.058" endtime="20220316 15:55:23.087"/>
</kw>
<kw name="Log To Console" library="BuiltIn">
<arg>${title}</arg>
<doc>Logs the given message to the console.</doc>
<status status="PASS" starttime="20220316 15:55:23.093" endtime="20220316 15:55:23.095"/>
</kw>
<kw name="Get Location" library="SeleniumLibrary">
<var>${url}</var>
<doc>Returns the current browser window URL.</doc>
<msg timestamp="20220316 15:55:24.118" level="INFO">${url} = https://www.google.com/</msg>
<status status="PASS" starttime="20220316 15:55:23.096" endtime="20220316 15:55:24.119"/>
</kw>
<kw name="Log To Console" library="BuiltIn">
<arg>${url}</arg>
<doc>Logs the given message to the console.</doc>
<status status="PASS" starttime="20220316 15:55:24.120" endtime="20220316 15:55:24.122"/>
</kw>
<kw name="Press Keys" library="SeleniumLibrary">
<arg>name=q</arg>
<arg>hello world</arg>
<doc>Simulates the user pressing key(s) to an element or on the active browser.</doc>
<msg timestamp="20220316 15:55:24.126" level="INFO">Sending key(s) ('hello world',) to name=q element.</msg>
<msg timestamp="20220316 15:55:27.385" level="INFO">Sending keys hello world</msg>
<status status="PASS" starttime="20220316 15:55:24.124" endtime="20220316 15:55:29.018"/>
</kw>
<kw name="Press Keys" library="SeleniumLibrary">
<arg>None</arg>
<arg>ARROW-DOWN</arg>
<doc>Simulates the user pressing key(s) to an element or on the active browser.</doc>
<msg timestamp="20220316 15:55:29.021" level="INFO">Sending key(s) ('ARROW-DOWN',) to page.</msg>
<msg timestamp="20220316 15:55:29.021" level="INFO">Sending keys ARROW-DOWN</msg>
<status status="PASS" starttime="20220316 15:55:29.020" endtime="20220316 15:55:30.138"/>
</kw>
<kw name="Press Keys" library="SeleniumLibrary">
<arg>None</arg>
<arg>ARROW-DOWN</arg>
<doc>Simulates the user pressing key(s) to an element or on the active browser.</doc>
<msg timestamp="20220316 15:55:30.140" level="INFO">Sending key(s) ('ARROW-DOWN',) to page.</msg>
<msg timestamp="20220316 15:55:30.140" level="INFO">Sending keys ARROW-DOWN</msg>
<status status="PASS" starttime="20220316 15:55:30.139" endtime="20220316 15:55:31.240"/>
</kw>
<kw name="Press Keys" library="SeleniumLibrary">
<arg>None</arg>
<arg>ARROW-DOWN</arg>
<doc>Simulates the user pressing key(s) to an element or on the active browser.</doc>
<msg timestamp="20220316 15:55:31.242" level="INFO">Sending key(s) ('ARROW-DOWN',) to page.</msg>
<msg timestamp="20220316 15:55:31.242" level="INFO">Sending keys ARROW-DOWN</msg>
<status status="PASS" starttime="20220316 15:55:31.240" endtime="20220316 15:55:32.357"/>
</kw>
<kw name="Press Keys" library="SeleniumLibrary">
<arg>None</arg>
<arg>ENTER</arg>
<doc>Simulates the user pressing key(s) to an element or on the active browser.</doc>
<msg timestamp="20220316 15:55:32.362" level="INFO">Sending key(s) ('ENTER',) to page.</msg>
<msg timestamp="20220316 15:55:32.362" level="INFO">Pressing special key ENTER to browser.</msg>
<msg timestamp="20220316 15:55:32.362" level="INFO">Releasing special key ENTER.</msg>
<status status="PASS" starttime="20220316 15:55:32.359" endtime="20220316 15:55:37.627"/>
</kw>
<status status="PASS" starttime="20220316 15:53:51.060" endtime="20220316 15:55:37.629"/>
</test>
<test id="s1-t2" name="TC2">
<kw name="Open Browser" library="SeleniumLibrary">
<arg>browser=chrome</arg>
<arg>executable_path=${EXECDIR}${/}driver${/}chromedriver.exe</arg>
<doc>Opens a new browser instance to the optional ``url``.</doc>
<msg timestamp="20220316 15:55:37.637" level="INFO">Opening browser 'chrome' to base url 'None'.</msg>
<status status="PASS" starttime="20220316 15:55:37.636" endtime="20220316 15:55:46.710"/>
</kw>
<kw name="Maximize Browser Window" library="SeleniumLibrary">
<doc>Maximizes current browser window.</doc>
<status status="PASS" starttime="20220316 15:55:46.711" endtime="20220316 15:55:48.227"/>
</kw>
<kw name="Set Selenium Implicit Wait" library="SeleniumLibrary">
<arg>20s</arg>
<doc>Sets the implicit wait value used by Selenium.</doc>
<status status="PASS" starttime="20220316 15:55:48.227" endtime="20220316 15:55:50.243"/>
</kw>
<kw name="Set Selenium Speed" library="SeleniumLibrary">
<arg>1s</arg>
<doc>Sets the delay that is waited after each Selenium command.</doc>
<status status="PASS" starttime="20220316 15:55:50.244" endtime="20220316 15:55:50.244"/>
</kw>
<kw name="Go To" library="SeleniumLibrary">
<arg>url=https://www.myntra.com/</arg>
<doc>Navigates the current browser window to the provided ``url``.</doc>
<msg timestamp="20220316 15:55:50.245" level="INFO">Opening url 'https://www.myntra.com/'</msg>
<status status="PASS" starttime="20220316 15:55:50.245" endtime="20220316 15:56:16.595"/>
</kw>
<kw name="Mouse Over" library="SeleniumLibrary">
<arg>xpath=//[text()='Profile']</arg>
<doc>Simulates hovering the mouse over the element ``locator``.</doc>
<msg timestamp="20220316 15:56:16.598" level="INFO">Simulating Mouse Over on element 'xpath=//[text()='Profile']'.</msg>
<msg timestamp="20220316 15:56:19.081" level="INFO" html="true">&lt;/td&gt;&lt;/tr&gt;&lt;tr&gt;&lt;td colspan="3"&gt;&lt;a href="selenium-screenshot-17.png"&gt;&lt;img src="selenium-screenshot-17.png" width="800px"&gt;&lt;/a&gt;</msg>
<msg timestamp="20220316 15:56:19.759" level="FAIL">InvalidSelectorException: Message: invalid selector: Unable to locate an element with the xpath expression //[text()='Profile'] because of the following error:
SyntaxError: Failed to execute 'evaluate' on 'Document': The string '//[text()='Profile']' is not a valid XPath expression.
  (Session info: chrome=99.0.4844.51)
Stacktrace:
Backtrace:
	Ordinal0 [0x00AC9943+2595139]
	Ordinal0 [0x00A5C9F1+2148849]
	Ordinal0 [0x00954528+1066280]
	Ordinal0 [0x00956E04+1076740]
	Ordinal0 [0x00956CBE+1076414]
	Ordinal0 [0x00956F50+1077072]
	Ordinal0 [0x00980D1E+1248542]
	Ordinal0 [0x009811CB+1249739]
	Ordinal0 [0x009AD84C+1431628]
	Ordinal0 [0x0099BA34+1358388]
	Ordinal0 [0x009ABAF2+1424114]
	Ordinal0 [0x0099B806+1357830]
	Ordinal0 [0x00976086+1204358]
	Ordinal0 [0x00976F96+1208214]
	GetHandleVerifier [0x00C6B232+1658114]
	GetHandleVerifier [0x00D2312C+2411516]
	GetHandleVerifier [0x00B5F261+560433]
	GetHandleVerifier [0x00B5E366+556598]
	Ordinal0 [0x00A6286B+2173035]
	Ordinal0 [0x00A675F8+2192888]
	Ordinal0 [0x00A676E5+2193125]
	Ordinal0 [0x00A711FC+2232828]
	BaseThreadInitThunk [0x765EFA29+25]
	RtlGetAppContainerNamedObjectPath [0x77647A7E+286]
	RtlGetAppContainerNamedObjectPath [0x77647A4E+238]
</msg>
<status status="FAIL" starttime="20220316 15:56:16.597" endtime="20220316 15:56:19.791"/>
</kw>
<kw name="Click Element" library="SeleniumLibrary">
<arg>xpath=//a[text()='login / Signup']</arg>
<doc>Click the element identified by ``locator``.</doc>
<status status="NOT RUN" starttime="20220316 15:56:19.792" endtime="20220316 15:56:19.792"/>
</kw>
<status status="FAIL" starttime="20220316 15:55:37.633" endtime="20220316 15:56:19.793">InvalidSelectorException: Message: invalid selector: Unable to locate an element with the xpath expression //[text()='Profile'] because of the following error:
SyntaxError: Failed to execute 'evaluate' on 'Document': The string '//[text()='Profile']' is not a valid XPath expression.
  (Session info: chrome=99.0.4844.51)
Stacktrace:
Backtrace:
	Ordinal0 [0x00AC9943+2595139]
	Ordinal0 [0x00A5C9F1+2148849]
	Ordinal0 [0x00954528+1066280]
	Ordinal0 [0x00956E04+1076740]
	Ordinal0 [0x00956CBE+1076414]
	Ordinal0 [0x00956F50+1077072]
	Ordinal0 [0x00980D1E+1248542]
	Ordinal0 [0x009811CB+1249739]
	Ordinal0 [0x009AD84C+1431628]
	Ordinal0 [0x0099BA34+1358388]
	Ordinal0 [0x009ABAF2+1424114]
	Ordinal0 [0x0099B806+1357830]
	Ordinal0 [0x00976086+1204358]
	Ordinal0 [0x00976F96+1208214]
	GetHandleVerifier [0x00C6B232+1658114]
	GetHandleVerifier [0x00D2312C+2411516]
	GetHandleVerifier [0x00B5F261+560433]
	GetHandleVerifier [0x00B5E366+556598]
	Ordinal0 [0x00A6286B+2173035]
	Ordinal0 [0x00A675F8+2192888]
	Ordinal0 [0x00A676E5+2193125]
	Ordinal0 [0x00A711FC+2232828]
	BaseThreadInitThunk [0x765EFA29+25]
	RtlGetAppContainerNamedObjectPath [0x77647A7E+286]
	RtlGetAppContainerNamedObjectPath [0x77647A4E+238]
</status>
</test>
<test id="s1-t3" name="TC3">
<kw name="Open Browser" library="SeleniumLibrary">
<arg>browser=chrome</arg>
<arg>executable_path=${EXECDIR}${/}driver${/}chromedriver.exe</arg>
<doc>Opens a new browser instance to the optional ``url``.</doc>
<msg timestamp="20220316 15:56:19.951" level="INFO">Opening browser 'chrome' to base url 'None'.</msg>
<status status="PASS" starttime="20220316 15:56:19.949" endtime="20220316 15:56:25.246"/>
</kw>
<kw name="Maximize Browser Window" library="SeleniumLibrary">
<doc>Maximizes current browser window.</doc>
<status status="PASS" starttime="20220316 15:56:25.247" endtime="20220316 15:56:26.522"/>
</kw>
<kw name="Set Selenium Implicit Wait" library="SeleniumLibrary">
<arg>20s</arg>
<doc>Sets the implicit wait value used by Selenium.</doc>
<status status="PASS" starttime="20220316 15:56:26.523" endtime="20220316 15:56:29.579"/>
</kw>
<kw name="Set Selenium Speed" library="SeleniumLibrary">
<arg>1s</arg>
<doc>Sets the delay that is waited after each Selenium command.</doc>
<status status="PASS" starttime="20220316 15:56:29.581" endtime="20220316 15:56:29.581"/>
</kw>
<kw name="Go To" library="SeleniumLibrary">
<arg>url=https://nasscom.in/</arg>
<doc>Navigates the current browser window to the provided ``url``.</doc>
<msg timestamp="20220316 15:56:29.583" level="INFO">Opening url 'https://nasscom.in/'</msg>
<status status="PASS" starttime="20220316 15:56:29.582" endtime="20220316 15:56:38.611"/>
</kw>
<status status="PASS" starttime="20220316 15:56:19.885" endtime="20220316 15:56:38.612"/>
</test>
<status status="FAIL" starttime="20220316 15:53:48.872" endtime="20220316 15:56:38.614"/>
</suite>
<statistics>
<total>
<stat pass="2" fail="1" skip="0">All Tests</stat>
</total>
<tag>
</tag>
<suite>
<stat pass="2" fail="1" skip="0" id="s1" name="Demo11 Selenium Suite">Demo11 Selenium Suite</stat>
</suite>
</statistics>
<errors>
</errors>
</robot>
